#! /usr/local/Cellar/icarus-verilog/11.0/bin/vvp
:ivl_version "11.0 (stable)";
:ivl_delay_selection "TYPICAL";
:vpi_time_precision - 9;
:vpi_module "/usr/local/Cellar/icarus-verilog/11.0/lib/ivl/system.vpi";
:vpi_module "/usr/local/Cellar/icarus-verilog/11.0/lib/ivl/vhdl_sys.vpi";
:vpi_module "/usr/local/Cellar/icarus-verilog/11.0/lib/ivl/vhdl_textio.vpi";
:vpi_module "/usr/local/Cellar/icarus-verilog/11.0/lib/ivl/v2005_math.vpi";
:vpi_module "/usr/local/Cellar/icarus-verilog/11.0/lib/ivl/va_math.vpi";
S_0x7f97fa704e60 .scope module, "example3_tb" "example3_tb" 2 4;
 .timescale -9 -9;
v0x6000015802d0_0 .var "clk", 0 0;
v0x600001580360_0 .var/i "i", 31 0;
v0x6000015803f0_0 .var "input_sig", 0 0;
v0x600001580480_0 .net "output_sig", 7 0, v0x6000015801b0_0;  1 drivers
v0x600001580510_0 .var "reset", 0 0;
S_0x7f97fa704fd0 .scope module, "uut" "example3" 2 11, 3 1 0, S_0x7f97fa704e60;
 .timescale -9 -9;
    .port_info 0 /INPUT 1 "input_data";
    .port_info 1 /OUTPUT 8 "parallel_output";
    .port_info 2 /INPUT 1 "clk";
    .port_info 3 /INPUT 1 "reset";
P_0x600003286540 .param/l "WIDTH" 0 3 4, +C4<00000000000000000000000000000111>;
v0x600001580090_0 .net "clk", 0 0, v0x6000015802d0_0;  1 drivers
v0x600001580120_0 .net "input_data", 0 0, v0x6000015803f0_0;  1 drivers
v0x6000015801b0_0 .var "parallel_output", 7 0;
v0x600001580240_0 .net "reset", 0 0, v0x600001580510_0;  1 drivers
E_0x600002984f90 .event posedge, v0x600001580090_0;
    .scope S_0x7f97fa704fd0;
T_0 ;
    %wait E_0x600002984f90;
    %load/vec4 v0x600001580240_0;
    %cmpi/e 1, 0, 1;
    %jmp/0xz  T_0.0, 4;
    %pushi/vec4 0, 0, 8;
    %store/vec4 v0x6000015801b0_0, 0, 8;
    %jmp T_0.1;
T_0.0 ;
    %load/vec4 v0x600001580120_0;
    %ix/load 4, 7, 0;
    %ix/load 5, 0, 0;
    %flag_set/imm 4, 0;
    %assign/vec4/off/d v0x6000015801b0_0, 4, 5;
    %load/vec4 v0x6000015801b0_0;
    %parti/s 1, 7, 4;
    %ix/load 4, 6, 0;
    %ix/load 5, 0, 0;
    %flag_set/imm 4, 0;
    %assign/vec4/off/d v0x6000015801b0_0, 4, 5;
    %load/vec4 v0x6000015801b0_0;
    %parti/s 1, 6, 4;
    %ix/load 4, 5, 0;
    %ix/load 5, 0, 0;
    %flag_set/imm 4, 0;
    %assign/vec4/off/d v0x6000015801b0_0, 4, 5;
    %load/vec4 v0x6000015801b0_0;
    %parti/s 1, 5, 4;
    %ix/load 4, 4, 0;
    %ix/load 5, 0, 0;
    %flag_set/imm 4, 0;
    %assign/vec4/off/d v0x6000015801b0_0, 4, 5;
    %load/vec4 v0x6000015801b0_0;
    %parti/s 1, 4, 4;
    %ix/load 4, 3, 0;
    %ix/load 5, 0, 0;
    %flag_set/imm 4, 0;
    %assign/vec4/off/d v0x6000015801b0_0, 4, 5;
    %load/vec4 v0x6000015801b0_0;
    %parti/s 1, 3, 3;
    %ix/load 4, 2, 0;
    %ix/load 5, 0, 0;
    %flag_set/imm 4, 0;
    %assign/vec4/off/d v0x6000015801b0_0, 4, 5;
    %load/vec4 v0x6000015801b0_0;
    %parti/s 1, 2, 3;
    %ix/load 4, 1, 0;
    %ix/load 5, 0, 0;
    %flag_set/imm 4, 0;
    %assign/vec4/off/d v0x6000015801b0_0, 4, 5;
T_0.1 ;
    %jmp T_0;
    .thread T_0;
    .scope S_0x7f97fa704e60;
T_1 ;
    %pushi/vec4 0, 0, 1;
    %store/vec4 v0x6000015802d0_0, 0, 1;
    %end;
    .thread T_1;
    .scope S_0x7f97fa704e60;
T_2 ;
    %pushi/vec4 1, 0, 1;
    %store/vec4 v0x600001580510_0, 0, 1;
    %delay 15, 0;
    %pushi/vec4 0, 0, 1;
    %store/vec4 v0x600001580510_0, 0, 1;
    %delay 10, 0;
    %pushi/vec4 0, 0, 32;
    %store/vec4 v0x600001580360_0, 0, 32;
T_2.0 ;
    %load/vec4 v0x600001580360_0;
    %cmpi/s 10, 0, 32;
    %jmp/0xz T_2.1, 5;
    %vpi_func 2 20 "$random" 32 {0 0 0};
    %pad/s 1;
    %store/vec4 v0x6000015803f0_0, 0, 1;
    %vpi_call 2 21 "$display", "input signal = %b, output_signal = %b, time = %t", v0x6000015803f0_0, v0x600001580480_0, $time {0 0 0};
    %delay 20, 0;
    %load/vec4 v0x600001580360_0;
    %addi 1, 0, 32;
    %store/vec4 v0x600001580360_0, 0, 32;
    %jmp T_2.0;
T_2.1 ;
    %vpi_call 2 24 "$finish" {0 0 0};
    %end;
    .thread T_2;
    .scope S_0x7f97fa704e60;
T_3 ;
    %vpi_call 2 28 "$dumpfile", "example3_out.vcd" {0 0 0};
    %vpi_call 2 29 "$dumpvars" {0 0 0};
    %end;
    .thread T_3;
    .scope S_0x7f97fa704e60;
T_4 ;
    %delay 10, 0;
    %load/vec4 v0x6000015802d0_0;
    %inv;
    %store/vec4 v0x6000015802d0_0, 0, 1;
    %jmp T_4;
    .thread T_4;
# The file index is used to find the file name in the following table.
:file_names 4;
    "N/A";
    "<interactive>";
    "example3_tb.v";
    "./example3.v";
